[04-Sep-2016 23:06:33 America/Chicago] http://local.logthedog.com/
[05-Sep-2016 00:00:42 America/Chicago] http://local.logthedog.com/
[05-Sep-2016 00:52:05 America/Chicago] http://local.logthedog.com/
[05-Sep-2016 00:56:57 America/Chicago] Account: Array
(
    [username] => Flirzel Kwerp
    [eMail] => flirzel@kwerp.com
    [language] => 2
    [ql_num] => 42
    [ql_ord] => 0
)

[05-Sep-2016 00:56:57 America/Chicago] Account: Array
(
    [username] => Flirzel Kwerp
    [eMail] => flirzel@kwerp.com
    [language] => 2
    [ql_num] => 42
    [ql_ord] => 0
)

[05-Sep-2016 00:57:37 America/Chicago] Account: Array
(
    [username] => Flirzel Kwerp
    [eMail] => flirzel@kwerp.com
    [language] => 2
    [ql_num] => 42
    [ql_ord] => 1
)

[05-Sep-2016 01:02:14 America/Chicago] Account: Array
(
    [username] => Flirzel Kwerp
    [eMail] => flirzel@kwerp.com
    [language] => 2
    [ql_num] => 39
    [ql_ord] => 1
)

[05-Sep-2016 01:02:14 America/Chicago] Account: Array
(
    [username] => Flirzel Kwerp
    [eMail] => flirzel@kwerp.com
    [language] => 2
    [ql_num] => 39
    [ql_ord] => 1
)

[05-Sep-2016 01:09:57 America/Chicago] Account: Array
(
    [username] => Flirzel Kwerp
    [eMail] => flirzel@kwerp.com
    [language] => 2
    [ql_num] => 4
    [ql_ord] => 1
)

[05-Sep-2016 01:10:49 America/Chicago] Account: Array
(
    [username] => Flirzel Kwerp
    [eMail] => flirzel@kwerp.com
    [language] => 2
    [ql_num] => 4
    [ql_ord] => 0
)

[05-Sep-2016 01:11:31 America/Chicago] Account: Array
(
    [username] => Flirzel Kwerp
    [eMail] => flirzel@kwerp.com
    [language] => 2
    [ql_num] => 7
    [ql_ord] => 1
)

[05-Sep-2016 01:22:20 America/Chicago] http://local.logthedog.com/
[05-Sep-2016 01:22:42 America/Chicago] http://local.logthedog.com/
[Mon Sep 05 09:14:44.329679 2016] [:error] [pid 702] [client 127.0.0.1:49330] http://local.logthedog.com/
[Mon Sep 05 09:22:45.960621 2016] [:error] [pid 702] [client 127.0.0.1:49417] http://local.logthedog.com/
[Mon Sep 05 09:23:02.795813 2016] [:error] [pid 697] [client 127.0.0.1:49424] http://local.logthedog.com/, referer: http://local.logthedog.com/home/main_menu
[Mon Sep 05 09:25:09.964036 2016] [:error] [pid 700] [client 127.0.0.1:49437] http://local.logthedog.com/, referer: http://local.logthedog.com/index.php/home/main_menu
[Mon Sep 05 09:28:06.560760 2016] [:error] [pid 215] [client 127.0.0.1:49465] http://local.logthedog.com/, referer: http://local.logthedog.com/home/main_menu
